# JRE version: Java(TM) SE Runtime Environment (17.0.6+9) (build 17.0.6+9-LTS-190)
# Java VM: Java HotSpot(TM) 64-Bit Server VM (17.0.6+9-LTS-190, mixed mode, sharing, tiered, compressed oops, compressed class ptrs, g1 gc, linux-amd64)
GC Precious Log:
 CPUs: 6 total, 6 available
 Memory: 15919M
 Large Page Support: Disabled
 NUMA Support: Disabled
 Compressed Oops: Enabled (Zero based)
 Heap Region Size: 2M
 Heap Min Capacity: 8M
 Heap Initial Capacity: 250M
 Heap Max Capacity: 3980M
 Pre-touch: Disabled
 Parallel Workers: 6
 Concurrent Workers: 2
 Concurrent Refinement Workers: 6
 Periodic GC: Disabled
Heap:
 garbage-first heap   total 585728K, used 243019K [0x0000000707400000, 0x0000000800000000)
  region size 2048K, 52 young (106496K), 13 survivors (26624K)
 Metaspace       used 98855K, committed 101952K, reserved 1138688K
  class space    used 11773K, committed 13056K, reserved 1048576K
GC Heap History (20 events):
Event: 4,401 GC heap before
{Heap before GC invocations=16 (full 0):
 garbage-first heap   total 239616K, used 188475K [0x0000000707400000, 0x0000000800000000)
  region size 2048K, 55 young (112640K), 4 survivors (8192K)
 Metaspace       used 54163K, committed 56128K, reserved 1097728K
  class space    used 6291K, committed 7104K, reserved 1048576K
}
Event: 4,407 GC heap after
{Heap after GC invocations=17 (full 0):
 garbage-first heap   total 239616K, used 86799K [0x0000000707400000, 0x0000000800000000)
  region size 2048K, 5 young (10240K), 5 survivors (10240K)
 Metaspace       used 54163K, committed 56128K, reserved 1097728K
  class space    used 6291K, committed 7104K, reserved 1048576K
}
Event: 4,668 GC heap before
{Heap before GC invocations=17 (full 0):
 garbage-first heap   total 239616K, used 183055K [0x0000000707400000, 0x0000000800000000)
  region size 2048K, 53 young (108544K), 5 survivors (10240K)
 Metaspace       used 59329K, committed 61440K, reserved 1105920K
  class space    used 6955K, committed 7808K, reserved 1048576K
}
Event: 4,676 GC heap after
{Heap after GC invocations=18 (full 0):
 garbage-first heap   total 292864K, used 90709K [0x0000000707400000, 0x0000000800000000)
  region size 2048K, 5 young (10240K), 5 survivors (10240K)
 Metaspace       used 59329K, committed 61440K, reserved 1105920K
  class space    used 6955K, committed 7808K, reserved 1048576K
}
Event: 5,359 GC heap before
{Heap before GC invocations=19 (full 0):
 garbage-first heap   total 292864K, used 227925K [0x0000000707400000, 0x0000000800000000)
  region size 2048K, 73 young (149504K), 5 survivors (10240K)
 Metaspace       used 71628K, committed 74176K, reserved 1114112K
  class space    used 8509K, committed 9600K, reserved 1048576K
}
Event: 5,369 GC heap after
{Heap after GC invocations=20 (full 0):
 garbage-first heap   total 292864K, used 102948K [0x0000000707400000, 0x0000000800000000)
  region size 2048K, 10 young (20480K), 10 survivors (20480K)
 Metaspace       used 71628K, committed 74176K, reserved 1114112K
  class space    used 8509K, committed 9600K, reserved 1048576K
}
Event: 5,669 GC heap before
{Heap before GC invocations=21 (full 0):
 garbage-first heap   total 292864K, used 227876K [0x0000000707400000, 0x0000000800000000)
  region size 2048K, 72 young (147456K), 10 survivors (20480K)
 Metaspace       used 73701K, committed 76288K, reserved 1122304K
  class space    used 8742K, committed 9856K, reserved 1048576K
}
Event: 5,679 GC heap after
{Heap after GC invocations=22 (full 0):
 garbage-first heap   total 292864K, used 112369K [0x0000000707400000, 0x0000000800000000)
  region size 2048K, 7 young (14336K), 7 survivors (14336K)
 Metaspace       used 73701K, committed 76288K, reserved 1122304K
  class space    used 8742K, committed 9856K, reserved 1048576K
}
Event: 5,689 GC heap before
{Heap before GC invocations=22 (full 0):
 garbage-first heap   total 292864K, used 112369K [0x0000000707400000, 0x0000000800000000)
  region size 2048K, 8 young (16384K), 7 survivors (14336K)
 Metaspace       used 73896K, committed 76480K, reserved 1122304K
  class space    used 8764K, committed 9856K, reserved 1048576K
}
Event: 5,694 GC heap after
{Heap after GC invocations=23 (full 0):
 garbage-first heap   total 292864K, used 112054K [0x0000000707400000, 0x0000000800000000)
  region size 2048K, 1 young (2048K), 1 survivors (2048K)
 Metaspace       used 73896K, committed 76480K, reserved 1122304K
  class space    used 8764K, committed 9856K, reserved 1048576K
}
Event: 5,959 GC heap before
{Heap before GC invocations=23 (full 0):
 garbage-first heap   total 292864K, used 228790K [0x0000000707400000, 0x0000000800000000)
  region size 2048K, 59 young (120832K), 1 survivors (2048K)
 Metaspace       used 75863K, committed 78656K, reserved 1122304K
  class space    used 9005K, committed 10112K, reserved 1048576K
}
Event: 5,965 GC heap after
{Heap after GC invocations=24 (full 0):
 garbage-first heap   total 292864K, used 127322K [0x0000000707400000, 0x0000000800000000)
  region size 2048K, 8 young (16384K), 8 survivors (16384K)
 Metaspace       used 75863K, committed 78656K, reserved 1122304K
  class space    used 9005K, committed 10112K, reserved 1048576K
}
Event: 6,384 GC heap before
{Heap before GC invocations=24 (full 0):
 garbage-first heap   total 292864K, used 229722K [0x0000000707400000, 0x0000000800000000)
  region size 2048K, 57 young (116736K), 8 survivors (16384K)
 Metaspace       used 81121K, committed 83840K, reserved 1122304K
  class space    used 9743K, committed 10816K, reserved 1048576K
}
Event: 6,390 GC heap after
{Heap after GC invocations=25 (full 0):
 garbage-first heap   total 292864K, used 137145K [0x0000000707400000, 0x0000000800000000)
  region size 2048K, 4 young (8192K), 4 survivors (8192K)
 Metaspace       used 81121K, committed 83840K, reserved 1122304K
  class space    used 9743K, committed 10816K, reserved 1048576K
}
Event: 8,122 GC heap before
{Heap before GC invocations=25 (full 0):
 garbage-first heap   total 292864K, used 231353K [0x0000000707400000, 0x0000000800000000)
  region size 2048K, 51 young (104448K), 4 survivors (8192K)
 Metaspace       used 90590K, committed 93440K, reserved 1130496K
  class space    used 10888K, committed 12096K, reserved 1048576K
}
Event: 8,129 GC heap after
{Heap after GC invocations=26 (full 0):
 garbage-first heap   total 585728K, used 141003K [0x0000000707400000, 0x0000000800000000)
  region size 2048K, 7 young (14336K), 7 survivors (14336K)
 Metaspace       used 90590K, committed 93440K, reserved 1130496K
  class space    used 10888K, committed 12096K, reserved 1048576K
}
Event: 39,773 GC heap before
{Heap before GC invocations=26 (full 0):
 garbage-first heap   total 585728K, used 483019K [0x0000000707400000, 0x0000000800000000)
  region size 2048K, 157 young (321536K), 7 survivors (14336K)
 Metaspace       used 98541K, committed 101632K, reserved 1138688K
  class space    used 11757K, committed 13056K, reserved 1048576K
}
Event: 39,782 GC heap after
{Heap after GC invocations=27 (full 0):
 garbage-first heap   total 585728K, used 163535K [0x0000000707400000, 0x0000000800000000)
  region size 2048K, 14 young (28672K), 14 survivors (28672K)
 Metaspace       used 98541K, committed 101632K, reserved 1138688K
  class space    used 11757K, committed 13056K, reserved 1048576K
}
Event: 15385,077 GC heap before
{Heap before GC invocations=27 (full 0):
 garbage-first heap   total 585728K, used 460495K [0x0000000707400000, 0x0000000800000000)
  region size 2048K, 156 young (319488K), 14 survivors (28672K)
 Metaspace       used 98813K, committed 101888K, reserved 1138688K
  class space    used 11770K, committed 13056K, reserved 1048576K
}
Event: 15385,092 GC heap after
{Heap after GC invocations=28 (full 0):
 garbage-first heap   total 585728K, used 165195K [0x0000000707400000, 0x0000000800000000)
  region size 2048K, 13 young (26624K), 13 survivors (26624K)
 Metaspace       used 98813K, committed 101888K, reserved 1138688K
  class space    used 11770K, committed 13056K, reserved 1048576K
}

